Compose can now delegate builds to bake for better performance.
 To do so, set COMPOSE_BAKE=true.
#0 building with "default" instance using docker driver

#1 [remote_host internal] load build definition from Dockerfile
#1 transferring dockerfile: 1.04kB done
#1 DONE 0.0s

#2 [remote_host auth] redhat/ubi9:pull token for registry-1.docker.io
#2 DONE 0.0s

#3 [remote_host internal] load metadata for docker.io/redhat/ubi9:latest
#3 DONE 1.3s

#4 [remote_host internal] load .dockerignore
#4 transferring context: 2B done
#4 DONE 0.0s

#5 [remote_host  1/11] FROM docker.io/redhat/ubi9:latest@sha256:a1804302f6f53e04cc1c6b20bc2204d5c9ae6e5a664174b38fbeeb30f7983d4e
#5 resolve docker.io/redhat/ubi9:latest@sha256:a1804302f6f53e04cc1c6b20bc2204d5c9ae6e5a664174b38fbeeb30f7983d4e done
#5 DONE 0.0s

#6 [remote_host internal] load build context
#6 transferring context: 36B done
#6 DONE 0.0s

#7 [remote_host  4/11] RUN dnf -y install https://dl.fedoraproject.org/pub/epel/epel-release-latest-9.noarch.rpm
#7 CACHED

#8 [remote_host  7/11] RUN pip3 install --upgrade pip &&     pip3 install awscli
#8 CACHED

#9 [remote_host  8/11] RUN useradd remote_user &&     echo "remote_user:1234" | chpasswd &&     mkdir -p /home/remote_user/.ssh
#9 CACHED

#10 [remote_host  5/11] RUN dnf -y install python3-pip
#10 CACHED

#11 [remote_host  9/11] COPY remote-key.pub /home/remote_user/.ssh/authorized_keys
#11 CACHED

#12 [remote_host  2/11] RUN dnf -y install openssh-server
#12 CACHED

#13 [remote_host  6/11] RUN dnf clean all
#13 CACHED

#14 [remote_host  3/11] RUN dnf -y install mysql
#14 CACHED

#15 [remote_host 10/11] RUN chown -R remote_user:remote_user /home/remote_user &&     chmod 700 /home/remote_user/.ssh &&     chmod 400 /home/remote_user/.ssh/authorized_keys
#15 CACHED

#16 [remote_host 11/11] RUN ssh-keygen -A
#16 CACHED

#17 [remote_host] exporting to image
#17 exporting layers done
#17 writing image sha256:4e9089671f87fdfafc1493e07038045e796e37005e7b32ab15b341bbd379bc49 done
#17 naming to docker.io/library/remote-host:rhel9 done
#17 DONE 0.0s

#18 [remote_host] resolving provenance for metadata file
#18 DONE 0.0s
